NameError: global name 'OSErorr' is not defined
NameError: global name 'OSErorr' is not defined
Traceback (most recent call last):
  File "interpolateData.py", line 57, in <module>
    main()
  File "interpolateData.py", line 54, in main
    bundles.append(interpolateData(os.path.join(os.getcwd(), 'Job-{0}_rawHistory.pkl'.format(i+1)), sName[i]))
  File "interpolateData.py", line 10, in interpolateData
    file = open(binaryDataFile, 'rb')
FileNotFoundError: [Errno 2] No such file or directory: 'C:\\Users\\mmyetisi\\Documents\\GitHub\\UpFrac2\\OSTRICH\\model6\\Job-1_rawHistory.pkl'
NameError: global name 'OSErorr' is not defined
NameError: global name 'OSErorr' is not defined
Traceback (most recent call last):
  File "interpolateData.py", line 57, in <module>
    main()
  File "interpolateData.py", line 54, in main
    bundles.append(interpolateData(os.path.join(os.getcwd(), 'Job-{0}_rawHistory.pkl'.format(i+1)), sName[i]))
  File "interpolateData.py", line 10, in interpolateData
    file = open(binaryDataFile, 'rb')
FileNotFoundError: [Errno 2] No such file or directory: 'C:\\Users\\mmyetisi\\Documents\\GitHub\\UpFrac2\\OSTRICH\\model1\\Job-1_rawHistory.pkl'
